Determining if the pthread_create exist failed with the following output:
Change Dir: /home/Mardel/ModulesTek2/C++/cpp_indie_studio/CMakeFiles/CMakeTmp

Run Build Command:"/usr/bin/gmake" "cmTC_186ba/fast"
/usr/bin/gmake -f CMakeFiles/cmTC_186ba.dir/build.make CMakeFiles/cmTC_186ba.dir/build
gmake[1] : on entre dans le répertoire « /home/Mardel/ModulesTek2/C++/cpp_indie_studio/CMakeFiles/CMakeTmp »
Building C object CMakeFiles/cmTC_186ba.dir/CheckSymbolExists.c.o
/usr/bin/cc    -o CMakeFiles/cmTC_186ba.dir/CheckSymbolExists.c.o   -c /home/Mardel/ModulesTek2/C++/cpp_indie_studio/CMakeFiles/CMakeTmp/CheckSymbolExists.c
Linking C executable cmTC_186ba
/usr/bin/cmake -E cmake_link_script CMakeFiles/cmTC_186ba.dir/link.txt --verbose=1
/usr/bin/cc      CMakeFiles/cmTC_186ba.dir/CheckSymbolExists.c.o  -o cmTC_186ba 
CMakeFiles/cmTC_186ba.dir/CheckSymbolExists.c.o : Dans la fonction « main » :
CheckSymbolExists.c:(.text+0x16) : référence indéfinie vers « pthread_create »
collect2: error: ld a retourné le statut de sortie 1
gmake[1]: *** [CMakeFiles/cmTC_186ba.dir/build.make:87: cmTC_186ba] Error 1
gmake[1] : on quitte le répertoire « /home/Mardel/ModulesTek2/C++/cpp_indie_studio/CMakeFiles/CMakeTmp »
gmake: *** [Makefile:126: cmTC_186ba/fast] Error 2

File /home/Mardel/ModulesTek2/C++/cpp_indie_studio/CMakeFiles/CMakeTmp/CheckSymbolExists.c:
/* */
#include <pthread.h>

int main(int argc, char** argv)
{
  (void)argv;
#ifndef pthread_create
  return ((int*)(&pthread_create))[argc];
#else
  (void)argc;
  return 0;
#endif
}

Determining if the function pthread_create exists in the pthreads failed with the following output:
Change Dir: /home/Mardel/ModulesTek2/C++/cpp_indie_studio/CMakeFiles/CMakeTmp

Run Build Command:"/usr/bin/gmake" "cmTC_1b7ce/fast"
/usr/bin/gmake -f CMakeFiles/cmTC_1b7ce.dir/build.make CMakeFiles/cmTC_1b7ce.dir/build
gmake[1] : on entre dans le répertoire « /home/Mardel/ModulesTek2/C++/cpp_indie_studio/CMakeFiles/CMakeTmp »
Building C object CMakeFiles/cmTC_1b7ce.dir/CheckFunctionExists.c.o
/usr/bin/cc   -DCHECK_FUNCTION_EXISTS=pthread_create   -o CMakeFiles/cmTC_1b7ce.dir/CheckFunctionExists.c.o   -c /usr/share/cmake/Modules/CheckFunctionExists.c
Linking C executable cmTC_1b7ce
/usr/bin/cmake -E cmake_link_script CMakeFiles/cmTC_1b7ce.dir/link.txt --verbose=1
/usr/bin/cc  -DCHECK_FUNCTION_EXISTS=pthread_create    CMakeFiles/cmTC_1b7ce.dir/CheckFunctionExists.c.o  -o cmTC_1b7ce -lpthreads 
/usr/bin/ld : ne peut trouver -lpthreads
collect2: error: ld a retourné le statut de sortie 1
gmake[1]: *** [CMakeFiles/cmTC_1b7ce.dir/build.make:87: cmTC_1b7ce] Error 1
gmake[1] : on quitte le répertoire « /home/Mardel/ModulesTek2/C++/cpp_indie_studio/CMakeFiles/CMakeTmp »
gmake: *** [Makefile:126: cmTC_1b7ce/fast] Error 2


